<?xml version="1.0" encoding="UTF-8"?>
<!-- Generated by org.testng.reporters.JUnitReportReporter -->
<testsuite hostname="LAPTOP-HBSFHFQ2" failures="0" tests="4" name="com.tutorialsninja.qa.testcases.RegisterTest" time="116.648" errors="0" timestamp="2023-06-08T10:25:11 GMT-04:00" skipped="0">
  <testcase classname="com.tutorialsninja.qa.testcases.RegisterTest" name="registerWithmandaoryFields" time="28.752"/>
  <system-out/>
  <testcase classname="com.tutorialsninja.qa.testcases.RegisterTest" name="registerWithAllFields" time="30.551"/>
  <system-out/>
  <testcase classname="com.tutorialsninja.qa.testcases.RegisterTest" name="registerWithExistingEmailId" time="27.568"/>
  <system-out/>
  <testcase classname="com.tutorialsninja.qa.testcases.RegisterTest" name="registerWithNoFields" time="29.777"/>
  <system-out/>
</testsuite> <!-- com.tutorialsninja.qa.testcases.RegisterTest -->
