<?xml version="1.0" encoding="UTF-8"?>
<!-- Generated by org.testng.reporters.JUnitReportReporter -->
<testsuite hostname="LAPTOP-HBSFHFQ2" failures="0" tests="11" name="com.tutorialsninja.qa.testcases.RegisterTest" time="332.480" errors="0" timestamp="2023-06-21T18:07:59 GMT-04:00" skipped="0">
  <testcase classname="com.tutorialsninja.qa.testcases.RegisterTest" name="registerWithmandaoryFields" time="27.355"/>
  <system-out/>
  <testcase classname="com.tutorialsninja.qa.testcases.RegisterTest" name="registerWithmandaoryFields" time="30.205"/>
  <system-out/>
  <testcase classname="com.tutorialsninja.qa.testcases.RegisterTest" name="registerWithmandaoryFields" time="26.858"/>
  <system-out/>
  <testcase classname="com.tutorialsninja.qa.testcases.RegisterTest" name="registerWithmandaoryFields" time="31.474"/>
  <system-out/>
  <testcase classname="com.tutorialsninja.qa.testcases.RegisterTest" name="registerWithmandaoryFields" time="33.838"/>
  <system-out/>
  <testcase classname="com.tutorialsninja.qa.testcases.RegisterTest" name="registerWithmandaoryFields" time="29.290"/>
  <system-out/>
  <testcase classname="com.tutorialsninja.qa.testcases.RegisterTest" name="registerWithmandaoryFields" time="33.370"/>
  <system-out/>
  <testcase classname="com.tutorialsninja.qa.testcases.RegisterTest" name="registerWithmandaoryFields" time="30.429"/>
  <system-out/>
  <testcase classname="com.tutorialsninja.qa.testcases.RegisterTest" name="registerWithAllFields" time="29.885"/>
  <system-out/>
  <testcase classname="com.tutorialsninja.qa.testcases.RegisterTest" name="registerWithExistingEmailId" time="26.746"/>
  <system-out/>
  <testcase classname="com.tutorialsninja.qa.testcases.RegisterTest" name="registerWithNoFields" time="33.030"/>
  <system-out/>
</testsuite> <!-- com.tutorialsninja.qa.testcases.RegisterTest -->
