<?xml version="1.0" encoding="UTF-8"?>
<!-- Generated by org.testng.reporters.JUnitReportReporter -->
<testsuite hostname="LAPTOP-HBSFHFQ2" failures="0" tests="14" name="com.tutorialsninja.qa.testcases.LoginTest" time="351.295" errors="0" timestamp="2023-07-08T08:52:20 GMT-04:00" skipped="0">
  <testcase classname="com.tutorialsninja.qa.testcases.LoginTest" name="loginWithValidCredentials" time="22.439"/>
  <testcase classname="com.tutorialsninja.qa.testcases.LoginTest" name="loginWithValidCredentials" time="27.310"/>
  <testcase classname="com.tutorialsninja.qa.testcases.LoginTest" name="loginWithValidCredentials" time="22.439"/>
  <testcase classname="com.tutorialsninja.qa.testcases.LoginTest" name="loginWithValidCredentials" time="27.488"/>
  <testcase classname="com.tutorialsninja.qa.testcases.LoginTest" name="loginWithValidCredentials" time="24.270"/>
  <testcase classname="com.tutorialsninja.qa.testcases.LoginTest" name="loginWithValidCredentials" time="24.502"/>
  <testcase classname="com.tutorialsninja.qa.testcases.LoginTest" name="loginWithValidCredentials" time="23.163"/>
  <testcase classname="com.tutorialsninja.qa.testcases.LoginTest" name="loginWithValidCredentials" time="25.254"/>
  <testcase classname="com.tutorialsninja.qa.testcases.LoginTest" name="loginWithValidCredentials" time="26.167"/>
  <testcase classname="com.tutorialsninja.qa.testcases.LoginTest" name="loginWithValidCredentials" time="26.976"/>
  <testcase classname="com.tutorialsninja.qa.testcases.LoginTest" name="loginWithValidEmailInvalidPassword" time="26.050"/>
  <testcase classname="com.tutorialsninja.qa.testcases.LoginTest" name="loginWithInValidEmailvalidPassword" time="24.078"/>
  <testcase classname="com.tutorialsninja.qa.testcases.LoginTest" name="loginWithInvalidCredentials" time="25.757"/>
  <testcase classname="com.tutorialsninja.qa.testcases.LoginTest" name="loginWithoutCredentials" time="25.402"/>
</testsuite> <!-- com.tutorialsninja.qa.testcases.LoginTest -->
